#
# There is insufficient memory for the Java Runtime Environment to continue.
# Native memory allocation (malloc) failed to allocate 124896 bytes for Chunk::new
# Possible reasons:
#   The system is out of physical RAM or swap space
#   The process is running with CompressedOops enabled, and the Java Heap may be blocking the growth of the native heap
# Possible solutions:
#   Reduce memory load on the system
#   Increase physical memory or swap space
#   Check if swap backing store is full
#   Decrease Java heap size (-Xmx/-Xms)
#   Decrease number of Java threads
#   Decrease Java thread stack sizes (-Xss)
#   Set larger code cache with -XX:ReservedCodeCacheSize=
#   JVM is running with Unscaled Compressed Oops mode in which the Java heap is
#     placed in the first 4GB address space. The Java Heap base address is the
#     maximum limit for the native heap growth. Please use -XX:HeapBaseMinAddress
#     to set the Java Heap base and to place the Java Heap above 4GB virtual address.
# This output file may be truncated or incomplete.
#
#  Out of Memory Error (arena.cpp:184), pid=9172, tid=25972
#
# JRE version: Java(TM) SE Runtime Environment (18.0.2+9) (build 18.0.2+9-61)
# Java VM: Java HotSpot(TM) 64-Bit Server VM (18.0.2+9-61, mixed mode, sharing, tiered, compressed oops, compressed class ptrs, g1 gc, windows-amd64)
# No core dump will be written. Minidumps are not enabled by default on client versions of Windows
#

---------------  S U M M A R Y ------------

Command Line: -Dfile.encoding=UTF-8 --module-path=C:\ATM_INTERFACE\ATM_INTERFACE\build\classes atm_interface.Login

Host: AMD Ryzen 5 5500U with Radeon Graphics         , 12 cores, 7G,  Windows 11 , 64 bit Build 22621 (10.0.22621.1485)
Time: Fri May  5 21:18:25 2023 India Standard Time elapsed time: 0.172295 seconds (0d 0h 0m 0s)

---------------  T H R E A D  ---------------

Current thread (0x00000205a773c5e0):  JavaThread "C2 CompilerThread0" daemon [_thread_in_native, id=25972, stack(0x00000076b8800000,0x00000076b8900000)]


Current CompileTask:
C2:    172  146       4       java.util.HashMap::putVal (300 bytes)

Stack: [0x00000076b8800000,0x00000076b8900000]
Native frames: (J=compiled Java code, j=interpreted, Vv=VM code, C=native code)
V  [jvm.dll+0x6993ca]
V  [jvm.dll+0x7f481d]
V  [jvm.dll+0x7f612e]
V  [jvm.dll+0x7f67e3]
V  [jvm.dll+0x25cdaf]
V  [jvm.dll+0xb8c2f]
V  [jvm.dll+0xb8fa5]
V  [jvm.dll+0x2c7cbf]
V  [jvm.dll+0x5a0d8e]
V  [jvm.dll+0x2382e3]
V  [jvm.dll+0x2319a2]
V  [jvm.dll+0x22f21b]
V  [jvm.dll+0x1ba01c]
V  [jvm.dll+0x23ec9a]
V  [jvm.dll+0x23cf85]
V  [jvm.dll+0x7a6e21]
V  [jvm.dll+0x7a125a]
V  [jvm.dll+0x698275]
C  [ucrtbase.dll+0x29363]
C  [KERNEL32.DLL+0x1269d]
C  [ntdll.dll+0x5a9f8]


---------------  P R O C E S S  ---------------

Threads class SMR info:
_java_thread_list=0x00000205ec6435e0, length=13, elements={
0x00000205896db7c0, 0x00000205a771a740, 0x00000205a771b0e0, 0x00000205a7736fd0,
0x00000205a7739890, 0x00000205a773b150, 0x00000205a773ba00, 0x00000205a773c5e0,
0x00000205a774ec40, 0x00000205a7777d10, 0x00000205ec594840, 0x00000205ec641910,
0x00000205ec64bf00
}

Java Threads: ( => current thread )
  0x00000205896db7c0 JavaThread "main" [_thread_in_vm, id=28160, stack(0x00000076b7b00000,0x00000076b7c00000)]
  0x00000205a771a740 JavaThread "Reference Handler" daemon [_thread_blocked, id=28052, stack(0x00000076b8200000,0x00000076b8300000)]
  0x00000205a771b0e0 JavaThread "Finalizer" daemon [_thread_blocked, id=27884, stack(0x00000076b8300000,0x00000076b8400000)]
  0x00000205a7736fd0 JavaThread "Signal Dispatcher" daemon [_thread_blocked, id=25036, stack(0x00000076b8400000,0x00000076b8500000)]
  0x00000205a7739890 JavaThread "Attach Listener" daemon [_thread_blocked, id=25708, stack(0x00000076b8500000,0x00000076b8600000)]
  0x00000205a773b150 JavaThread "Service Thread" daemon [_thread_blocked, id=26116, stack(0x00000076b8600000,0x00000076b8700000)]
  0x00000205a773ba00 JavaThread "Monitor Deflation Thread" daemon [_thread_blocked, id=10676, stack(0x00000076b8700000,0x00000076b8800000)]
=>0x00000205a773c5e0 JavaThread "C2 CompilerThread0" daemon [_thread_in_native, id=25972, stack(0x00000076b8800000,0x00000076b8900000)]
  0x00000205a774ec40 JavaThread "C1 CompilerThread0" daemon [_thread_in_native, id=11504, stack(0x00000076b8900000,0x00000076b8a00000)]
  0x00000205a7777d10 JavaThread "Sweeper thread" daemon [_thread_blocked, id=24448, stack(0x00000076b8a00000,0x00000076b8b00000)]
  0x00000205ec594840 JavaThread "Common-Cleaner" daemon [_thread_blocked, id=9208, stack(0x00000076b8b00000,0x00000076b8c00000)]
  0x00000205ec641910 JavaThread "Notification Thread" daemon [_thread_blocked, id=26688, stack(0x00000076b8c00000,0x00000076b8d00000)]
  0x00000205ec64bf00 JavaThread "C2 CompilerThread1" daemon [_thread_in_native, id=26652, stack(0x00000076b8e00000,0x00000076b8f00000)]

Other Threads:
  0x000002058974e8b0 VMThread "VM Thread" [stack: 0x00000076b8100000,0x00000076b8200000] [id=27772]
  0x00000205ec614630 WatcherThread "VM Periodic Task Thread" [stack: 0x00000076b8d00000,0x00000076b8e00000] [id=27032]
  0x0000020589738860 WorkerThread "GC Thread#0" [stack: 0x00000076b7c00000,0x00000076b7d00000] [id=27148]
  0x0000020589748210 ConcurrentGCThread "G1 Main Marker" [stack: 0x00000076b7d00000,0x00000076b7e00000] [id=19312]
  0x0000020589748c00 WorkerThread "G1 Conc#0" [stack: 0x00000076b7e00000,0x00000076b7f00000] [id=22796]
  0x000002058979d4e0 ConcurrentGCThread "G1 Refine#0" [stack: 0x00000076b7f00000,0x00000076b8000000] [id=21384]
  0x000002058979ddf0 ConcurrentGCThread "G1 Service" [stack: 0x00000076b8000000,0x00000076b8100000] [id=24452]

Threads with active compile tasks:
C2 CompilerThread0      192  146       4       java.util.HashMap::putVal (300 bytes)
C1 CompilerThread0      192  200   !   3       java.util.zip.ZipFile$Source::checkAndAddEntry (209 bytes)
C2 CompilerThread1      192  204       4       java.util.zip.ZipCoder$UTF8ZipCoder::checkedHash (91 bytes)

VM state: not at safepoint (normal execution)

VM Mutex/Monitor currently owned by a thread: None

Heap address: 0x000000008ac00000, size: 1876 MB, Compressed Oops mode: 32-bit

CDS archive(s) mapped at: [0x00000205a7800000-0x00000205a83a0000-0x00000205a83a0000), size 12189696, SharedBaseAddress: 0x00000205a7800000, ArchiveRelocationMode: 0.
Compressed class space mapped at: 0x00000205a8400000-0x00000205e8400000, reserved size: 1073741824
Narrow klass base: 0x00000205a7800000, Narrow klass shift: 0, Narrow klass range: 0x100000000

GC Precious Log:
 CardTable entry size: 512
 Card Set container configuration: InlinePtr #cards 5 size 8 Array Of Cards #cards 12 size 40 Howl #buckets 4 coarsen threshold 1843 Howl Bitmap #cards 512 size 80 coarsen threshold 460 Card regions per heap region 1 cards per card region 2048
 CPUs: 12 total, 12 available
 Memory: 7503M
 Large Page Support: Disabled
 NUMA Support: Disabled
 Compressed Oops: Enabled (32-bit)
 Heap Region Size: 1M
 Heap Min Capacity: 8M
 Heap Initial Capacity: 118M
 Heap Max Capacity: 1876M
 Pre-touch: Disabled
 Parallel Workers: 10
 Concurrent Workers: 3
 Concurrent Refinement Workers: 10
 Periodic GC: Disabled

Heap:
 garbage-first heap   total 120832K, used 1024K [0x000000008ac00000, 0x0000000100000000)
  region size 1024K, 2 young (2048K), 0 survivors (0K)
 Metaspace       used 364K, committed 576K, reserved 1114112K
  class space    used 21K, committed 128K, reserved 1048576K

Heap Regions: E=young(eden), S=young(survivor), O=old, HS=humongous(starts), HC=humongous(continues), CS=collection set, F=free, OA=open archive, CA=closed archive, TAMS=top-at-mark-start (previous, next)
|   0|0x000000008ac00000, 0x000000008ac00000, 0x000000008ad00000|  0%| F|  |TAMS 0x000000008ac00000, 0x000000008ac00000| Untracked 
|   1|0x000000008ad00000, 0x000000008ad00000, 0x000000008ae00000|  0%| F|  |TAMS 0x000000008ad00000, 0x000000008ad00000| Untracked 
|   2|0x000000008ae00000, 0x000000008ae00000, 0x000000008af00000|  0%| F|  |TAMS 0x000000008ae00000, 0x000000008ae00000| Untracked 
|   3|0x000000008af00000, 0x000000008af00000, 0x000000008b000000|  0%| F|  |TAMS 0x000000008af00000, 0x000000008af00000| Untracked 
|   4|0x000000008b000000, 0x000000008b000000, 0x000000008b100000|  0%| F|  |TAMS 0x000000008b000000, 0x000000008b000000| Untracked 
|   5|0x000000008b100000, 0x000000008b100000, 0x000000008b200000|  0%| F|  |TAMS 0x000000008b100000, 0x000000008b100000| Untracked 
|   6|0x000000008b200000, 0x000000008b200000, 0x000000008b300000|  0%| F|  |TAMS 0x000000008b200000, 0x000000008b200000| Untracked 
|   7|0x000000008b300000, 0x000000008b300000, 0x000000008b400000|  0%| F|  |TAMS 0x000000008b300000, 0x000000008b300000| Untracked 
|   8|0x000000008b400000, 0x000000008b400000, 0x000000008b500000|  0%| F|  |TAMS 0x000000008b400000, 0x000000008b400000| Untracked 
|   9|0x000000008b500000, 0x000000008b500000, 0x000000008b600000|  0%| F|  |TAMS 0x000000008b500000, 0x000000008b500000| Untracked 
|  10|0x000000008b600000, 0x000000008b600000, 0x000000008b700000|  0%| F|  |TAMS 0x000000008b600000, 0x000000008b600000| Untracked 
|  11|0x000000008b700000, 0x000000008b700000, 0x000000008b800000|  0%| F|  |TAMS 0x000000008b700000, 0x000000008b700000| Untracked 
|  12|0x000000008b800000, 0x000000008b800000, 0x000000008b900000|  0%| F|  |TAMS 0x000000008b800000, 0x000000008b800000| Untracked 
|  13|0x000000008b900000, 0x000000008b900000, 0x000000008ba00000|  0%| F|  |TAMS 0x000000008b900000, 0x000000008b900000| Untracked 
|  14|0x000000008ba00000, 0x000000008ba00000, 0x000000008bb00000|  0%| F|  |TAMS 0x000000008ba00000, 0x000000008ba00000| Untracked 
|  15|0x000000008bb00000, 0x000000008bb00000, 0x000000008bc00000|  0%| F|  |TAMS 0x000000008bb00000, 0x000000008bb00000| Untracked 
|  16|0x000000008bc00000, 0x000000008bc00000, 0x000000008bd00000|  0%| F|  |TAMS 0x000000008bc00000, 0x000000008bc00000| Untracked 
|  17|0x000000008bd00000, 0x000000008bd00000, 0x000000008be00000|  0%| F|  |TAMS 0x000000008bd00000, 0x000000008bd00000| Untracked 
|  18|0x000000008be00000, 0x000000008be00000, 0x000000008bf00000|  0%| F|  |TAMS 0x000000008be00000, 0x000000008be00000| Untracked 
|  19|0x000000008bf00000, 0x000000008bf00000, 0x000000008c000000|  0%| F|  |TAMS 0x000000008bf00000, 0x000000008bf00000| Untracked 
|  20|0x000000008c000000, 0x000000008c000000, 0x000000008c100000|  0%| F|  |TAMS 0x000000008c000000, 0x000000008c000000| Untracked 
|  21|0x000000008c100000, 0x000000008c100000, 0x000000008c200000|  0%| F|  |TAMS 0x000000008c100000, 0x000000008c100000| Untracked 
|  22|0x000000008c200000, 0x000000008c200000, 0x000000008c300000|  0%| F|  |TAMS 0x000000008c200000, 0x000000008c200000| Untracked 
|  23|0x000000008c300000, 0x000000008c300000, 0x000000008c400000|  0%| F|  |TAMS 0x000000008c300000, 0x000000008c300000| Untracked 
|  24|0x000000008c400000, 0x000000008c400000, 0x000000008c500000|  0%| F|  |TAMS 0x000000008c400000, 0x000000008c400000| Untracked 
|  25|0x000000008c500000, 0x000000008c500000, 0x000000008c600000|  0%| F|  |TAMS 0x000000008c500000, 0x000000008c500000| Untracked 
|  26|0x000000008c600000, 0x000000008c600000, 0x000000008c700000|  0%| F|  |TAMS 0x000000008c600000, 0x000000008c600000| Untracked 
|  27|0x000000008c700000, 0x000000008c700000, 0x000000008c800000|  0%| F|  |TAMS 0x000000008c700000, 0x000000008c700000| Untracked 
|  28|0x000000008c800000, 0x000000008c800000, 0x000000008c900000|  0%| F|  |TAMS 0x000000008c800000, 0x000000008c800000| Untracked 
|  29|0x000000008c900000, 0x000000008c900000, 0x000000008ca00000|  0%| F|  |TAMS 0x000000008c900000, 0x000000008c900000| Untracked 
|  30|0x000000008ca00000, 0x000000008ca00000, 0x000000008cb00000|  0%| F|  |TAMS 0x000000008ca00000, 0x000000008ca00000| Untracked 
|  31|0x000000008cb00000, 0x000000008cb00000, 0x000000008cc00000|  0%| F|  |TAMS 0x000000008cb00000, 0x000000008cb00000| Untracked 
|  32|0x000000008cc00000, 0x000000008cc00000, 0x000000008cd00000|  0%| F|  |TAMS 0x000000008cc00000, 0x000000008cc00000| Untracked 
|  33|0x000000008cd00000, 0x000000008cd00000, 0x000000008ce00000|  0%| F|  |TAMS 0x000000008cd00000, 0x000000008cd00000| Untracked 
|  34|0x000000008ce00000, 0x000000008ce00000, 0x000000008cf00000|  0%| F|  |TAMS 0x000000008ce00000, 0x000000008ce00000| Untracked 
|  35|0x000000008cf00000, 0x000000008cf00000, 0x000000008d000000|  0%| F|  |TAMS 0x000000008cf00000, 0x000000008cf00000| Untracked 
|  36|0x000000008d000000, 0x000000008d000000, 0x000000008d100000|  0%| F|  |TAMS 0x000000008d000000, 0x000000008d000000| Untracked 
|  37|0x000000008d100000, 0x000000008d100000, 0x000000008d200000|  0%| F|  |TAMS 0x000000008d100000, 0x000000008d100000| Untracked 
|  38|0x000000008d200000, 0x000000008d200000, 0x000000008d300000|  0%| F|  |TAMS 0x000000008d200000, 0x000000008d200000| Untracked 
|  39|0x000000008d300000, 0x000000008d300000, 0x000000008d400000|  0%| F|  |TAMS 0x000000008d300000, 0x000000008d300000| Untracked 
|  40|0x000000008d400000, 0x000000008d400000, 0x000000008d500000|  0%| F|  |TAMS 0x000000008d400000, 0x000000008d400000| Untracked 
|  41|0x000000008d500000, 0x000000008d500000, 0x000000008d600000|  0%| F|  |TAMS 0x000000008d500000, 0x000000008d500000| Untracked 
|  42|0x000000008d600000, 0x000000008d600000, 0x000000008d700000|  0%| F|  |TAMS 0x000000008d600000, 0x000000008d600000| Untracked 
|  43|0x000000008d700000, 0x000000008d700000, 0x000000008d800000|  0%| F|  |TAMS 0x000000008d700000, 0x000000008d700000| Untracked 
|  44|0x000000008d800000, 0x000000008d800000, 0x000000008d900000|  0%| F|  |TAMS 0x000000008d800000, 0x000000008d800000| Untracked 
|  45|0x000000008d900000, 0x000000008d900000, 0x000000008da00000|  0%| F|  |TAMS 0x000000008d900000, 0x000000008d900000| Untracked 
|  46|0x000000008da00000, 0x000000008da00000, 0x000000008db00000|  0%| F|  |TAMS 0x000000008da00000, 0x000000008da00000| Untracked 
|  47|0x000000008db00000, 0x000000008db00000, 0x000000008dc00000|  0%| F|  |TAMS 0x000000008db00000, 0x000000008db00000| Untracked 
|  48|0x000000008dc00000, 0x000000008dc00000, 0x000000008dd00000|  0%| F|  |TAMS 0x000000008dc00000, 0x000000008dc00000| Untracked 
|  49|0x000000008dd00000, 0x000000008dd00000, 0x000000008de00000|  0%| F|  |TAMS 0x000000008dd00000, 0x000000008dd00000| Untracked 
|  50|0x000000008de00000, 0x000000008de00000, 0x000000008df00000|  0%| F|  |TAMS 0x000000008de00000, 0x000000008de00000| Untracked 
|  51|0x000000008df00000, 0x000000008df00000, 0x000000008e000000|  0%| F|  |TAMS 0x000000008df00000, 0x000000008df00000| Untracked 
|  52|0x000000008e000000, 0x000000008e000000, 0x000000008e100000|  0%| F|  |TAMS 0x000000008e000000, 0x000000008e000000| Untracked 
|  53|0x000000008e100000, 0x000000008e100000, 0x000000008e200000|  0%| F|  |TAMS 0x000000008e100000, 0x000000008e100000| Untracked 
|  54|0x000000008e200000, 0x000000008e200000, 0x000000008e300000|  0%| F|  |TAMS 0x000000008e200000, 0x000000008e200000| Untracked 
|  55|0x000000008e300000, 0x000000008e300000, 0x000000008e400000|  0%| F|  |TAMS 0x000000008e300000, 0x000000008e300000| Untracked 
|  56|0x000000008e400000, 0x000000008e400000, 0x000000008e500000|  0%| F|  |TAMS 0x000000008e400000, 0x000000008e400000| Untracked 
|  57|0x000000008e500000, 0x000000008e500000, 0x000000008e600000|  0%| F|  |TAMS 0x000000008e500000, 0x000000008e500000| Untracked 
|  58|0x000000008e600000, 0x000000008e600000, 0x000000008e700000|  0%| F|  |TAMS 0x000000008e600000, 0x000000008e600000| Untracked 
|  59|0x000000008e700000, 0x000000008e700000, 0x000000008e800000|  0%| F|  |TAMS 0x000000008e700000, 0x000000008e700000| Untracked 
|  60|0x000000008e800000, 0x000000008e800000, 0x000000008e900000|  0%| F|  |TAMS 0x000000008e800000, 0x000000008e800000| Untracked 
|  61|0x000000008e900000, 0x000000008e900000, 0x000000008ea00000|  0%| F|  |TAMS 0x000000008e900000, 0x000000008e900000| Untracked 
|  62|0x000000008ea00000, 0x000000008ea00000, 0x000000008eb00000|  0%| F|  |TAMS 0x000000008ea00000, 0x000000008ea00000| Untracked 
|  63|0x000000008eb00000, 0x000000008eb00000, 0x000000008ec00000|  0%| F|  |TAMS 0x000000008eb00000, 0x000000008eb00000| Untracked 
|  64|0x000000008ec00000, 0x000000008ec00000, 0x000000008ed00000|  0%| F|  |TAMS 0x000000008ec00000, 0x000000008ec00000| Untracked 
|  65|0x000000008ed00000, 0x000000008ed00000, 0x000000008ee00000|  0%| F|  |TAMS 0x000000008ed00000, 0x000000008ed00000| Untracked 
|  66|0x000000008ee00000, 0x000000008ee00000, 0x000000008ef00000|  0%| F|  |TAMS 0x000000008ee00000, 0x000000008ee00000| Untracked 
|  67|0x000000008ef00000, 0x000000008ef00000, 0x000000008f000000|  0%| F|  |TAMS 0x000000008ef00000, 0x000000008ef00000| Untracked 
|  68|0x000000008f000000, 0x000000008f000000, 0x000000008f100000|  0%| F|  |TAMS 0x000000008f000000, 0x000000008f000000| Untracked 
|  69|0x000000008f100000, 0x000000008f100000, 0x000000008f200000|  0%| F|  |TAMS 0x000000008f100000, 0x000000008f100000| Untracked 
|  70|0x000000008f200000, 0x000000008f200000, 0x000000008f300000|  0%| F|  |TAMS 0x000000008f200000, 0x000000008f200000| Untracked 
|  71|0x000000008f300000, 0x000000008f300000, 0x000000008f400000|  0%| F|  |TAMS 0x000000008f300000, 0x000000008f300000| Untracked 
|  72|0x000000008f400000, 0x000000008f400000, 0x000000008f500000|  0%| F|  |TAMS 0x000000008f400000, 0x000000008f400000| Untracked 
|  73|0x000000008f500000, 0x000000008f500000, 0x000000008f600000|  0%| F|  |TAMS 0x000000008f500000, 0x000000008f500000| Untracked 
|  74|0x000000008f600000, 0x000000008f600000, 0x000000008f700000|  0%| F|  |TAMS 0x000000008f600000, 0x000000008f600000| Untracked 
|  75|0x000000008f700000, 0x000000008f700000, 0x000000008f800000|  0%| F|  |TAMS 0x000000008f700000, 0x000000008f700000| Untracked 
|  76|0x000000008f800000, 0x000000008f800000, 0x000000008f900000|  0%| F|  |TAMS 0x000000008f800000, 0x000000008f800000| Untracked 
|  77|0x000000008f900000, 0x000000008f900000, 0x000000008fa00000|  0%| F|  |TAMS 0x000000008f900000, 0x000000008f900000| Untracked 
|  78|0x000000008fa00000, 0x000000008fa00000, 0x000000008fb00000|  0%| F|  |TAMS 0x000000008fa00000, 0x000000008fa00000| Untracked 
|  79|0x000000008fb00000, 0x000000008fb00000, 0x000000008fc00000|  0%| F|  |TAMS 0x000000008fb00000, 0x000000008fb00000| Untracked 
|  80|0x000000008fc00000, 0x000000008fc00000, 0x000000008fd00000|  0%| F|  |TAMS 0x000000008fc00000, 0x000000008fc00000| Untracked 
|  81|0x000000008fd00000, 0x000000008fd00000, 0x000000008fe00000|  0%| F|  |TAMS 0x000000008fd00000, 0x000000008fd00000| Untracked 
|  82|0x000000008fe00000, 0x000000008fe00000, 0x000000008ff00000|  0%| F|  |TAMS 0x000000008fe00000, 0x000000008fe00000| Untracked 
|  83|0x000000008ff00000, 0x000000008ff00000, 0x0000000090000000|  0%| F|  |TAMS 0x000000008ff00000, 0x000000008ff00000| Untracked 
|  84|0x0000000090000000, 0x0000000090000000, 0x0000000090100000|  0%| F|  |TAMS 0x0000000090000000, 0x0000000090000000| Untracked 
|  85|0x0000000090100000, 0x0000000090100000, 0x0000000090200000|  0%| F|  |TAMS 0x0000000090100000, 0x0000000090100000| Untracked 
|  86|0x0000000090200000, 0x0000000090200000, 0x0000000090300000|  0%| F|  |TAMS 0x0000000090200000, 0x0000000090200000| Untracked 
|  87|0x0000000090300000, 0x0000000090300000, 0x0000000090400000|  0%| F|  |TAMS 0x0000000090300000, 0x0000000090300000| Untracked 
|  88|0x0000000090400000, 0x0000000090400000, 0x0000000090500000|  0%| F|  |TAMS 0x0000000090400000, 0x0000000090400000| Untracked 
|  89|0x0000000090500000, 0x0000000090500000, 0x0000000090600000|  0%| F|  |TAMS 0x0000000090500000, 0x0000000090500000| Untracked 
|  90|0x0000000090600000, 0x0000000090600000, 0x0000000090700000|  0%| F|  |TAMS 0x0000000090600000, 0x0000000090600000| Untracked 
|  91|0x0000000090700000, 0x0000000090700000, 0x0000000090800000|  0%| F|  |TAMS 0x0000000090700000, 0x0000000090700000| Untracked 
|  92|0x0000000090800000, 0x0000000090800000, 0x0000000090900000|  0%| F|  |TAMS 0x0000000090800000, 0x0000000090800000| Untracked 
|  93|0x0000000090900000, 0x0000000090900000, 0x0000000090a00000|  0%| F|  |TAMS 0x0000000090900000, 0x0000000090900000| Untracked 
|  94|0x0000000090a00000, 0x0000000090a00000, 0x0000000090b00000|  0%| F|  |TAMS 0x0000000090a00000, 0x0000000090a00000| Untracked 
|  95|0x0000000090b00000, 0x0000000090b00000, 0x0000000090c00000|  0%| F|  |TAMS 0x0000000090b00000, 0x0000000090b00000| Untracked 
|  96|0x0000000090c00000, 0x0000000090c00000, 0x0000000090d00000|  0%| F|  |TAMS 0x0000000090c00000, 0x0000000090c00000| Untracked 
|  97|0x0000000090d00000, 0x0000000090d00000, 0x0000000090e00000|  0%| F|  |TAMS 0x0000000090d00000, 0x0000000090d00000| Untracked 
|  98|0x0000000090e00000, 0x0000000090e00000, 0x0000000090f00000|  0%| F|  |TAMS 0x0000000090e00000, 0x0000000090e00000| Untracked 
|  99|0x0000000090f00000, 0x0000000090f00000, 0x0000000091000000|  0%| F|  |TAMS 0x0000000090f00000, 0x0000000090f00000| Untracked 
| 100|0x0000000091000000, 0x0000000091000000, 0x0000000091100000|  0%| F|  |TAMS 0x0000000091000000, 0x0000000091000000| Untracked 
| 101|0x0000000091100000, 0x0000000091100000, 0x0000000091200000|  0%| F|  |TAMS 0x0000000091100000, 0x0000000091100000| Untracked 
| 102|0x0000000091200000, 0x0000000091200000, 0x0000000091300000|  0%| F|  |TAMS 0x0000000091200000, 0x0000000091200000| Untracked 
| 103|0x0000000091300000, 0x0000000091300000, 0x0000000091400000|  0%| F|  |TAMS 0x0000000091300000, 0x0000000091300000| Untracked 
| 104|0x0000000091400000, 0x0000000091400000, 0x0000000091500000|  0%| F|  |TAMS 0x0000000091400000, 0x0000000091400000| Untracked 
| 105|0x0000000091500000, 0x0000000091500000, 0x0000000091600000|  0%| F|  |TAMS 0x0000000091500000, 0x0000000091500000| Untracked 
| 106|0x0000000091600000, 0x0000000091600000, 0x0000000091700000|  0%| F|  |TAMS 0x0000000091600000, 0x0000000091600000| Untracked 
| 107|0x0000000091700000, 0x0000000091700000, 0x0000000091800000|  0%| F|  |TAMS 0x0000000091700000, 0x0000000091700000| Untracked 
| 108|0x0000000091800000, 0x0000000091800000, 0x0000000091900000|  0%| F|  |TAMS 0x0000000091800000, 0x0000000091800000| Untracked 
| 109|0x0000000091900000, 0x0000000091900000, 0x0000000091a00000|  0%| F|  |TAMS 0x0000000091900000, 0x0000000091900000| Untracked 
| 110|0x0000000091a00000, 0x0000000091a00000, 0x0000000091b00000|  0%| F|  |TAMS 0x0000000091a00000, 0x0000000091a00000| Untracked 
| 111|0x0000000091b00000, 0x0000000091b00000, 0x0000000091c00000|  0%| F|  |TAMS 0x0000000091b00000, 0x0000000091b00000| Untracked 
| 112|0x0000000091c00000, 0x0000000091c00000, 0x0000000091d00000|  0%| F|  |TAMS 0x0000000091c00000, 0x0000000091c00000| Untracked 
| 113|0x0000000091d00000, 0x0000000091d00000, 0x0000000091e00000|  0%| F|  |TAMS 0x0000000091d00000, 0x0000000091d00000| Untracked 
| 114|0x0000000091e00000, 0x0000000091e00000, 0x0000000091f00000|  0%| F|  |TAMS 0x0000000091e00000, 0x0000000091e00000| Untracked 
| 115|0x0000000091f00000, 0x0000000091f00000, 0x0000000092000000|  0%| F|  |TAMS 0x0000000091f00000, 0x0000000091f00000| Untracked 
| 116|0x0000000092000000, 0x00000000920ec110, 0x0000000092100000| 92%| E|  |TAMS 0x0000000092000000, 0x0000000092000000| Complete 
| 117|0x0000000092100000, 0x0000000092200000, 0x0000000092200000|100%| E|CS|TAMS 0x0000000092100000, 0x0000000092100000| Complete 

Card table byte_map: [0x00000205a0920000,0x00000205a0cd0000] _byte_map_base: 0x00000205a04ca000

Marking Bits (Prev, Next): (CMBitMap*) 0x0000020589738e60, (CMBitMap*) 0x0000020589738ea0
 Prev Bits: [0x00000205a1080000, 0x00000205a2dd0000)
 Next Bits: [0x00000205a2dd0000, 0x00000205a4b20000)

Polling page: 0x0000020587610000

Metaspace:

Usage:
  Non-class:    343.20 KB used.
      Class:     21.69 KB used.
       Both:    364.88 KB used.

Virtual space:
  Non-class space:       64.00 MB reserved,     448.00 KB ( <1%) committed,  1 nodes.
      Class space:        1.00 GB reserved,     128.00 KB ( <1%) committed,  1 nodes.
             Both:        1.06 GB reserved,     576.00 KB ( <1%) committed. 

Chunk freelists:
   Non-Class:  4.00 MB
       Class:  3.75 MB
        Both:  7.74 MB

MaxMetaspaceSize: unlimited
CompressedClassSpaceSize: 1.00 GB
Initial GC threshold: 21.00 MB
Current GC threshold: 21.00 MB
CDS: on
MetaspaceReclaimPolicy: balanced
 - commit_granule_bytes: 65536.
 - commit_granule_words: 8192.
 - virtual_space_node_default_size: 8388608.
 - enlarge_chunks_in_place: 1.
 - new_chunks_are_fully_committed: 0.
 - uncommit_free_chunks: 1.
 - use_allocation_guard: 0.


Internal statistics:

num_allocs_failed_limit: 0.
num_arena_births: 6.
num_arena_deaths: 0.
num_vsnodes_births: 2.
num_vsnodes_deaths: 0.
num_space_committed: 9.
num_space_uncommitted: 0.
num_chunks_returned_to_freelist: 0.
num_chunks_taken_from_freelist: 7.
num_chunk_merges: 0.
num_chunk_splits: 4.
num_chunks_enlarged: 2.
num_inconsistent_stats: 0.

CodeHeap 'non-profiled nmethods': size=120000Kb used=56Kb max_used=56Kb free=119943Kb
 bounds [0x0000020598ae0000, 0x0000020598d50000, 0x00000205a0010000]
CodeHeap 'profiled nmethods': size=120000Kb used=203Kb max_used=203Kb free=119796Kb
 bounds [0x00000205915b0000, 0x0000020591820000, 0x0000020598ae0000]
CodeHeap 'non-nmethods': size=5760Kb used=1105Kb max_used=1115Kb free=4654Kb
 bounds [0x0000020591010000, 0x0000020591280000, 0x00000205915b0000]
 total_blobs=563 nmethods=195 adapters=281
 compilation: enabled
              stopped_count=0, restarted_count=0
 full_count=0

Compilation events (20 events):
Event: 0.165 Thread 0x00000205a774ec40 nmethod 158 0x00000205915d9590 code [0x00000205915d9720, 0x00000205915d98d8]
Event: 0.165 Thread 0x00000205a774ec40  162       1       java.lang.module.ModuleDescriptor::packages (5 bytes)
Event: 0.165 Thread 0x00000205a774ec40 nmethod 162 0x0000020598aec610 code [0x0000020598aec7a0, 0x0000020598aec878]
Event: 0.165 Thread 0x00000205a774ec40  163       1       java.lang.module.ResolvedModule::reference (5 bytes)
Event: 0.165 Thread 0x00000205a774ec40 nmethod 163 0x0000020598aec910 code [0x0000020598aecaa0, 0x0000020598aecb78]
Event: 0.165 Thread 0x00000205a774ec40  167       3       java.lang.StringLatin1::newString (24 bytes)
Event: 0.165 Thread 0x00000205a774ec40 nmethod 167 0x00000205915d9990 code [0x00000205915d9b60, 0x00000205915d9e88]
Event: 0.165 Thread 0x00000205a774ec40  168       3       java.util.Arrays::copyOfRange (64 bytes)
Event: 0.166 Thread 0x00000205a774ec40 nmethod 168 0x00000205915d9f90 code [0x00000205915da200, 0x00000205915dab18]
Event: 0.166 Thread 0x00000205a774ec40  169       3       java.lang.AbstractStringBuilder::putStringAt (19 bytes)
Event: 0.166 Thread 0x00000205a774ec40 nmethod 169 0x00000205915dae90 code [0x00000205915db060, 0x00000205915db338]
Event: 0.166 Thread 0x00000205a774ec40  173       3       java.util.AbstractMap::<init> (5 bytes)
Event: 0.166 Thread 0x00000205a774ec40 nmethod 173 0x00000205915db490 code [0x00000205915db620, 0x00000205915db778]
Event: 0.166 Thread 0x00000205a774ec40  170       3       java.lang.AbstractStringBuilder::inflateIfNeededFor (22 bytes)
Event: 0.166 Thread 0x00000205a774ec40 nmethod 170 0x00000205915db810 code [0x00000205915db9c0, 0x00000205915dbbe8]
Event: 0.166 Thread 0x00000205a774ec40  171       3       java.util.Optional::ofNullable (19 bytes)
Event: 0.167 Thread 0x00000205a774ec40 nmethod 171 0x00000205915dbd10 code [0x00000205915dbec0, 0x00000205915dc178]
Event: 0.167 Thread 0x00000205a774ec40  172       1       java.lang.module.ModuleDescriptor$Version::toString (5 bytes)
Event: 0.167 Thread 0x00000205a774ec40 nmethod 172 0x0000020598aecc10 code [0x0000020598aecda0, 0x0000020598aece78]
Event: 0.167 Thread 0x00000205a774ec40  174       3       java.util.HashSet::<init> (16 bytes)

GC Heap History (0 events):
No events

Deoptimization events (0 events):
No events

Classes loaded (20 events):
Event: 0.144 Loading class java/nio/file/NoSuchFileException
Event: 0.144 Loading class java/nio/file/FileSystemException
Event: 0.144 Loading class java/io/IOException
Event: 0.144 Loading class java/io/IOException done
Event: 0.144 Loading class java/nio/file/FileSystemException done
Event: 0.144 Loading class java/nio/file/NoSuchFileException done
Event: 0.144 Loading class java/nio/file/Files$AcceptAllFilter
Event: 0.144 Loading class java/nio/file/DirectoryStream$Filter
Event: 0.144 Loading class java/nio/file/DirectoryStream$Filter done
Event: 0.144 Loading class java/nio/file/Files$AcceptAllFilter done
Event: 0.145 Loading class sun/nio/fs/WindowsDirectoryStream$WindowsDirectoryIterator
Event: 0.145 Loading class sun/nio/fs/WindowsDirectoryStream$WindowsDirectoryIterator done
Event: 0.145 Loading class sun/nio/fs/WindowsPath$WindowsPathWithAttributes
Event: 0.145 Loading class sun/nio/fs/BasicFileAttributesHolder
Event: 0.145 Loading class sun/nio/fs/BasicFileAttributesHolder done
Event: 0.145 Loading class sun/nio/fs/WindowsPath$WindowsPathWithAttributes done
Event: 0.146 Loading class java/nio/file/attribute/FileAttribute
Event: 0.146 Loading class java/nio/file/attribute/FileAttribute done
Event: 0.146 Loading class sun/nio/fs/WindowsSecurityDescriptor
Event: 0.147 Loading class sun/nio/fs/WindowsSecurityDescriptor done

Classes unloaded (0 events):
No events

Classes redefined (0 events):
No events

Internal exceptions (6 events):
Event: 0.143 Thread 0x00000205896db7c0 Exception <a 'sun/nio/fs/WindowsException'{0x0000000092035688}> (0x0000000092035688) 
thrown [s\open\src\hotspot\share\prims\jni.cpp, line 516]
Event: 0.144 Thread 0x00000205896db7c0 Exception <a 'sun/nio/fs/WindowsException'{0x0000000092035b28}> (0x0000000092035b28) 
thrown [s\open\src\hotspot\share\prims\jni.cpp, line 516]
Event: 0.147 Thread 0x00000205896db7c0 Exception <a 'sun/nio/fs/WindowsException'{0x0000000092037b48}> (0x0000000092037b48) 
thrown [s\open\src\hotspot\share\prims\jni.cpp, line 516]
Event: 0.147 Thread 0x00000205896db7c0 Exception <a 'sun/nio/fs/WindowsException'{0x0000000092038508}> (0x0000000092038508) 
thrown [s\open\src\hotspot\share\prims\jni.cpp, line 516]
Event: 0.148 Thread 0x00000205896db7c0 Exception <a 'sun/nio/fs/WindowsException'{0x0000000092038e60}> (0x0000000092038e60) 
thrown [s\open\src\hotspot\share\prims\jni.cpp, line 516]
Event: 0.148 Thread 0x00000205896db7c0 Exception <a 'sun/nio/fs/WindowsException'{0x00000000920397d0}> (0x00000000920397d0) 
thrown [s\open\src\hotspot\share\prims\jni.cpp, line 516]

VM Operations (2 events):
Event: 0.150 Executing VM operation: HandshakeAllThreads
Event: 0.150 Executing VM operation: HandshakeAllThreads done

Events (15 events):
Event: 0.015 Loaded shared library C:\jdk-18.0.2\bin\java.dll
Event: 0.061 Loaded shared library C:\jdk-18.0.2\bin\jsvml.dll
Event: 0.061 Thread 0x00000205896db7c0 Thread added: 0x00000205896db7c0
Event: 0.066 Thread 0x00000205a771a740 Thread added: 0x00000205a771a740
Event: 0.066 Thread 0x00000205a771b0e0 Thread added: 0x00000205a771b0e0
Event: 0.084 Thread 0x00000205a7736fd0 Thread added: 0x00000205a7736fd0
Event: 0.084 Thread 0x00000205a7739890 Thread added: 0x00000205a7739890
Event: 0.084 Thread 0x00000205a773b150 Thread added: 0x00000205a773b150
Event: 0.084 Thread 0x00000205a773ba00 Thread added: 0x00000205a773ba00
Event: 0.084 Thread 0x00000205a773c5e0 Thread added: 0x00000205a773c5e0
Event: 0.085 Thread 0x00000205a774ec40 Thread added: 0x00000205a774ec40
Event: 0.085 Thread 0x00000205a7777d10 Thread added: 0x00000205a7777d10
Event: 0.118 Thread 0x00000205ec594840 Thread added: 0x00000205ec594840
Event: 0.138 Loaded shared library C:\jdk-18.0.2\bin\net.dll
Event: 0.141 Loaded shared library C:\jdk-18.0.2\bin\nio.dll


Dynamic libraries:
0x00007ff6c7b00000 - 0x00007ff6c7b10000 	C:\jdk-18.0.2\bin\java.exe
0x00007ffadaf70000 - 0x00007ffadb184000 	C:\WINDOWS\SYSTEM32\ntdll.dll
0x00007ffad9920000 - 0x00007ffad99e2000 	C:\WINDOWS\System32\KERNEL32.DLL
0x00007ffad84d0000 - 0x00007ffad886c000 	C:\WINDOWS\System32\KERNELBASE.dll
0x00007ffad83b0000 - 0x00007ffad84c1000 	C:\WINDOWS\System32\ucrtbase.dll
0x00007ffac3c90000 - 0x00007ffac3caa000 	C:\jdk-18.0.2\bin\VCRUNTIME140.dll
0x00007ffac3570000 - 0x00007ffac3588000 	C:\jdk-18.0.2\bin\jli.dll
0x00007ffad9d90000 - 0x00007ffad9e3e000 	C:\WINDOWS\System32\ADVAPI32.dll
0x00007ffad9ae0000 - 0x00007ffad9b87000 	C:\WINDOWS\System32\msvcrt.dll
0x00007ffad8e60000 - 0x00007ffad8f04000 	C:\WINDOWS\System32\sechost.dll
0x00007ffad9780000 - 0x00007ffad9897000 	C:\WINDOWS\System32\RPCRT4.dll
0x00007ffad9ba0000 - 0x00007ffad9d4b000 	C:\WINDOWS\System32\USER32.dll
0x00007ffad8b80000 - 0x00007ffad8ba6000 	C:\WINDOWS\System32\win32u.dll
0x00007ffad98f0000 - 0x00007ffad9919000 	C:\WINDOWS\System32\GDI32.dll
0x00007ffad8870000 - 0x00007ffad8983000 	C:\WINDOWS\System32\gdi32full.dll
0x00007ffad8c70000 - 0x00007ffad8d0a000 	C:\WINDOWS\System32\msvcp_win.dll
0x00007ffab4700000 - 0x00007ffab498e000 	C:\WINDOWS\WinSxS\amd64_microsoft.windows.common-controls_6595b64144ccf1df_6.0.22621.608_none_a9444ca7c10bb01d\COMCTL32.dll
0x00007ffad0b10000 - 0x00007ffad0b1a000 	C:\WINDOWS\SYSTEM32\VERSION.dll
0x00007ffad9d50000 - 0x00007ffad9d81000 	C:\WINDOWS\System32\IMM32.DLL
0x00007ffad3db0000 - 0x00007ffad3dbc000 	C:\jdk-18.0.2\bin\vcruntime140_1.dll
0x00007ffac2b80000 - 0x00007ffac2c0d000 	C:\jdk-18.0.2\bin\msvcp140.dll
0x00007ffab4c60000 - 0x00007ffab5871000 	C:\jdk-18.0.2\bin\server\jvm.dll
0x00007ffad99f0000 - 0x00007ffad99f8000 	C:\WINDOWS\System32\PSAPI.DLL
0x00007ffad0730000 - 0x00007ffad0764000 	C:\WINDOWS\SYSTEM32\WINMM.dll
0x00007ffab8410000 - 0x00007ffab8419000 	C:\WINDOWS\SYSTEM32\WSOCK32.dll
0x00007ffad9f50000 - 0x00007ffad9fc1000 	C:\WINDOWS\System32\WS2_32.dll
0x00007ffad7400000 - 0x00007ffad7418000 	C:\WINDOWS\SYSTEM32\kernel.appcore.dll
0x00007ffab3fd0000 - 0x00007ffab3fda000 	C:\jdk-18.0.2\bin\jimage.dll
0x00007ffac6250000 - 0x00007ffac647e000 	C:\WINDOWS\SYSTEM32\DBGHELP.DLL
0x00007ffad9fd0000 - 0x00007ffada359000 	C:\WINDOWS\System32\combase.dll
0x00007ffad9a00000 - 0x00007ffad9ad7000 	C:\WINDOWS\System32\OLEAUT32.dll
0x00007ffab78a0000 - 0x00007ffab78d2000 	C:\WINDOWS\SYSTEM32\dbgcore.DLL
0x00007ffad8b00000 - 0x00007ffad8b7b000 	C:\WINDOWS\System32\bcryptPrimitives.dll
0x00007ffab3db0000 - 0x00007ffab3dd5000 	C:\jdk-18.0.2\bin\java.dll
0x00007ffab1ba0000 - 0x00007ffab1c76000 	C:\jdk-18.0.2\bin\jsvml.dll
0x00007ffada600000 - 0x00007ffadadf0000 	C:\WINDOWS\System32\SHELL32.dll
0x00007ffad63c0000 - 0x00007ffad6c8d000 	C:\WINDOWS\SYSTEM32\windows.storage.dll
0x00007ffad6280000 - 0x00007ffad63be000 	C:\WINDOWS\SYSTEM32\wintypes.dll
0x00007ffad9e50000 - 0x00007ffad9f41000 	C:\WINDOWS\System32\SHCORE.dll
0x00007ffada5a0000 - 0x00007ffada5fe000 	C:\WINDOWS\System32\shlwapi.dll
0x00007ffad82e0000 - 0x00007ffad8301000 	C:\WINDOWS\SYSTEM32\profapi.dll
0x00007ffaaf430000 - 0x00007ffaaf443000 	C:\jdk-18.0.2\bin\net.dll
0x00007ffad14f0000 - 0x00007ffad1627000 	C:\WINDOWS\SYSTEM32\WINHTTP.dll
0x00007ffad78e0000 - 0x00007ffad7949000 	C:\WINDOWS\system32\mswsock.dll
0x00007ffaaf410000 - 0x00007ffaaf426000 	C:\jdk-18.0.2\bin\nio.dll
0x00007ffaaf2b0000 - 0x00007ffaaf2c8000 	C:\jdk-18.0.2\bin\zip.dll

dbghelp: loaded successfully - version: 4.0.5 - missing functions: none
symbol engine: initialized successfully - sym options: 0x614 - pdb path: .;C:\jdk-18.0.2\bin;C:\WINDOWS\SYSTEM32;C:\WINDOWS\WinSxS\amd64_microsoft.windows.common-controls_6595b64144ccf1df_6.0.22621.608_none_a9444ca7c10bb01d;C:\jdk-18.0.2\bin\server

VM Arguments:
jvm_args: -Dfile.encoding=UTF-8 --module-path=C:\ATM_INTERFACE\ATM_INTERFACE\build\classes 
java_command: atm_interface.Login
java_class_path (initial): C:\Users\Manisha Surywanshi\Desktop\jcalendar-1.1.4.jar;C:\Users\Manisha Surywanshi\Desktop\mysql-connector-java-8.0.28.jar;C:\ATM_INTERFACE\ATM_INTERFACE\build\classes
Launcher Type: SUN_STANDARD

[Global flags]
     intx CICompilerCount                          = 4                                         {product} {ergonomic}
     uint ConcGCThreads                            = 3                                         {product} {ergonomic}
     uint G1ConcRefinementThreads                  = 10                                        {product} {ergonomic}
   size_t G1HeapRegionSize                         = 1048576                                   {product} {ergonomic}
    uintx GCDrainStackTargetSize                   = 64                                        {product} {ergonomic}
   size_t InitialHeapSize                          = 123731968                                 {product} {ergonomic}
   size_t MarkStackSize                            = 4194304                                   {product} {ergonomic}
   size_t MaxHeapSize                              = 1967128576                                {product} {ergonomic}
   size_t MaxNewSize                               = 1179648000                                {product} {ergonomic}
   size_t MinHeapDeltaBytes                        = 1048576                                   {product} {ergonomic}
   size_t MinHeapSize                              = 8388608                                   {product} {ergonomic}
    uintx NonNMethodCodeHeapSize                   = 5839372                                {pd product} {ergonomic}
    uintx NonProfiledCodeHeapSize                  = 122909434                              {pd product} {ergonomic}
    uintx ProfiledCodeHeapSize                     = 122909434                              {pd product} {ergonomic}
    uintx ReservedCodeCacheSize                    = 251658240                              {pd product} {ergonomic}
     bool SegmentedCodeCache                       = true                                      {product} {ergonomic}
   size_t SoftMaxHeapSize                          = 1967128576                             {manageable} {ergonomic}
     bool UseCompressedClassPointers               = true                           {product lp64_product} {ergonomic}
     bool UseCompressedOops                        = true                           {product lp64_product} {ergonomic}
     bool UseG1GC                                  = true                                      {product} {ergonomic}
     bool UseLargePagesIndividualAllocation        = false                                  {pd product} {ergonomic}

Logging:
Log output configuration:
 #0: stdout all=warning uptime,level,tags foldmultilines=false
 #1: stderr all=off uptime,level,tags foldmultilines=false

Environment Variables:
CLASSPATH=C:\WINDOWS.X64_193000_db_home\jdbc\lib\ojdbc8.jar;D:\02ADVJ\JDBC\CPathDemo\wishapi.jar;C:\tomcat10.x1\lib\servlet-api.jar;.C:\jdk-18.0.2\bin;.;C:\WishApi;
PATH=C:\WINDOWS.X64_193000_db_home\bin;C:\jdk-18.0.2\bin;C:\WINDOWS\system32;C:\WINDOWS;C:\WINDOWS\System32\Wbem;C:\WINDOWS\System32\WindowsPowerShell\v1.0\;C:\WINDOWS\System32\OpenSSH\;C:\Program Files\dotnet\;C:\batch;C:\nodejs\;C:\Program Files\MySQL\MySQL Shell 8.0\bin\;D:\02ADVJ\JDBC\PATHDemo;C:\Users\Manisha Surywanshi\AppData\Local\Microsoft\WindowsApps;;C:\Users\Manisha Surywanshi\AppData\Local\Programs\Microsoft VS Code\bin;C:\Users\Manisha Surywanshi\AppData\Roaming\npm
USERNAME=Manisha Surywanshi
OS=Windows_NT
PROCESSOR_IDENTIFIER=AMD64 Family 23 Model 104 Stepping 1, AuthenticAMD



---------------  S Y S T E M  ---------------

OS:
 Windows 11 , 64 bit Build 22621 (10.0.22621.1485)
OS uptime: 2 days 1:04 hours

CPU: total 12 (initial active 12) (12 cores per cpu, 2 threads per core) family 23 model 104 stepping 1 microcode 0x0, cx8, cmov, fxsr, ht, mmx, 3dnowpref, sse, sse2, sse3, ssse3, sse4a, sse4.1, sse4.2, popcnt, lzcnt, tsc, tscinvbit, avx, avx2, aes, clmul, bmi1, bmi2, adx, sha, fma, vzeroupper, clflush, clflushopt

Memory: 4k page, system-wide physical 7503M (562M free)
TotalPageFile size 30031M (AvailPageFile size 4M)
current process WorkingSet (physical memory assigned to process): 36M, peak: 36M
current process commit charge ("private bytes"): 204M, peak: 204M

vm_info: Java HotSpot(TM) 64-Bit Server VM (18.0.2+9-61) for windows-amd64 JRE (18.0.2+9-61), built on Jun  7 2022 13:09:01 by "mach5one" with MS VC++ 16.8 / 16.9 (VS2019)

END.
