#
# There is insufficient memory for the Java Runtime Environment to continue.
# Native memory allocation (mmap) failed to map 65536 bytes for Failed to commit metaspace.
# Possible reasons:
#   The system is out of physical RAM or swap space
#   The process is running with CompressedOops enabled, and the Java Heap may be blocking the growth of the native heap
# Possible solutions:
#   Reduce memory load on the system
#   Increase physical memory or swap space
#   Check if swap backing store is full
#   Decrease Java heap size (-Xmx/-Xms)
#   Decrease number of Java threads
#   Decrease Java thread stack sizes (-Xss)
#   Set larger code cache with -XX:ReservedCodeCacheSize=
#   JVM is running with Unscaled Compressed Oops mode in which the Java heap is
#     placed in the first 4GB address space. The Java Heap base address is the
#     maximum limit for the native heap growth. Please use -XX:HeapBaseMinAddress
#     to set the Java Heap base and to place the Java Heap above 4GB virtual address.
# This output file may be truncated or incomplete.
#
#  Out of Memory Error (virtualSpaceNode.cpp:110), pid=28668, tid=27844
#
# JRE version: Java(TM) SE Runtime Environment (18.0.2+9) (build 18.0.2+9-61)
# Java VM: Java HotSpot(TM) 64-Bit Server VM (18.0.2+9-61, mixed mode, sharing, tiered, compressed oops, compressed class ptrs, g1 gc, windows-amd64)
# No core dump will be written. Minidumps are not enabled by default on client versions of Windows
#

---------------  S U M M A R Y ------------

Command Line: -Dfile.encoding=UTF-8 --module-path=C:\ATM_INTERFACE\ATM_INTERFACE\build\classes atm_interface.Login

Host: AMD Ryzen 5 5500U with Radeon Graphics         , 12 cores, 7G,  Windows 11 , 64 bit Build 22621 (10.0.22621.1485)
Time: Fri May  5 21:17:54 2023 India Standard Time elapsed time: 0.096219 seconds (0d 0h 0m 0s)

---------------  T H R E A D  ---------------

Current thread (0x0000021be8ade840):  JavaThread "C1 CompilerThread0" daemon [_thread_in_vm, id=27844, stack(0x000000f3d4500000,0x000000f3d4600000)]


Current CompileTask:
C1:     96   97       3       java.util.HashMap::putVal (300 bytes)

Stack: [0x000000f3d4500000,0x000000f3d4600000]
Native frames: (J=compiled Java code, j=interpreted, Vv=VM code, C=native code)
V  [jvm.dll+0x6993ca]
V  [jvm.dll+0x7f481d]
V  [jvm.dll+0x7f612e]
V  [jvm.dll+0x7f67e3]
V  [jvm.dll+0x25cdaf]
V  [jvm.dll+0x7f052b]
V  [jvm.dll+0x63f546]
V  [jvm.dll+0x63f5aa]
V  [jvm.dll+0x641e2e]
V  [jvm.dll+0x641cee]
V  [jvm.dll+0x63ff0e]
V  [jvm.dll+0x65186a]
V  [jvm.dll+0x64a75a]
V  [jvm.dll+0x1e48f0]
V  [jvm.dll+0x1e4ad6]
V  [jvm.dll+0x1487de]
V  [jvm.dll+0x148b26]
V  [jvm.dll+0x147f9a]
V  [jvm.dll+0x149c81]
V  [jvm.dll+0x23ec9a]
V  [jvm.dll+0x23cf85]
V  [jvm.dll+0x7a6e21]
V  [jvm.dll+0x7a125a]
V  [jvm.dll+0x698275]
C  [ucrtbase.dll+0x29363]
C  [KERNEL32.DLL+0x1269d]
C  [ntdll.dll+0x5a9f8]


---------------  P R O C E S S  ---------------

Threads class SMR info:
_java_thread_list=0x0000021becd5d990, length=11, elements={
0x0000021bcaa9a8f0, 0x0000021be8abcf80, 0x0000021be8abd440, 0x0000021be8ad8d00,
0x0000021be8ad91c0, 0x0000021be8ad9680, 0x0000021be8addb50, 0x0000021be8ade340,
0x0000021be8ade840, 0x0000021be8ae0d50, 0x0000021be8aa8f50
}

Java Threads: ( => current thread )
  0x0000021bcaa9a8f0 JavaThread "main" [_thread_in_vm, id=27992, stack(0x000000f3d3700000,0x000000f3d3800000)]
  0x0000021be8abcf80 JavaThread "Reference Handler" daemon [_thread_blocked, id=28648, stack(0x000000f3d3e00000,0x000000f3d3f00000)]
  0x0000021be8abd440 JavaThread "Finalizer" daemon [_thread_blocked, id=7584, stack(0x000000f3d3f00000,0x000000f3d4000000)]
  0x0000021be8ad8d00 JavaThread "Signal Dispatcher" daemon [_thread_blocked, id=19704, stack(0x000000f3d4000000,0x000000f3d4100000)]
  0x0000021be8ad91c0 JavaThread "Attach Listener" daemon [_thread_blocked, id=28152, stack(0x000000f3d4100000,0x000000f3d4200000)]
  0x0000021be8ad9680 JavaThread "Service Thread" daemon [_thread_blocked, id=26900, stack(0x000000f3d4200000,0x000000f3d4300000)]
  0x0000021be8addb50 JavaThread "Monitor Deflation Thread" daemon [_thread_blocked, id=27460, stack(0x000000f3d4300000,0x000000f3d4400000)]
  0x0000021be8ade340 JavaThread "C2 CompilerThread0" daemon [_thread_blocked, id=18860, stack(0x000000f3d4400000,0x000000f3d4500000)]
=>0x0000021be8ade840 JavaThread "C1 CompilerThread0" daemon [_thread_in_vm, id=27844, stack(0x000000f3d4500000,0x000000f3d4600000)]
  0x0000021be8ae0d50 JavaThread "Sweeper thread" daemon [_thread_blocked, id=25716, stack(0x000000f3d4600000,0x000000f3d4700000)]
  0x0000021be8aa8f50 JavaThread "Common-Cleaner" daemon [_thread_blocked, id=27800, stack(0x000000f3d4700000,0x000000f3d4800000)]

Other Threads:
  0x0000021bcab14080 VMThread "VM Thread" [stack: 0x000000f3d3d00000,0x000000f3d3e00000] [id=26472]
  0x0000021bcaaf88b0 WorkerThread "GC Thread#0" [stack: 0x000000f3d3800000,0x000000f3d3900000] [id=3280]
  0x0000021bcab08170 ConcurrentGCThread "G1 Main Marker" [stack: 0x000000f3d3900000,0x000000f3d3a00000] [id=18132]
  0x0000021bcab08bd0 WorkerThread "G1 Conc#0" [stack: 0x000000f3d3a00000,0x000000f3d3b00000] [id=26704]
  0x0000021bcab5e4e0 ConcurrentGCThread "G1 Refine#0" [stack: 0x000000f3d3b00000,0x000000f3d3c00000] [id=27720]
  0x0000021bcab5e7b0 ConcurrentGCThread "G1 Service" [stack: 0x000000f3d3c00000,0x000000f3d3d00000] [id=27396]

Threads with active compile tasks:
C1 CompilerThread0      132   97       3       java.util.HashMap::putVal (300 bytes)

VM state: not at safepoint (normal execution)

VM Mutex/Monitor currently owned by a thread:  ([mutex/lock_event])
[0x0000021bcaa95100] Metaspace_lock - owner thread: 0x0000021be8ade840
[0x0000021bcaa977c0] MethodData_lock - owner thread: 0x0000021be8ade840

Heap address: 0x000000008ac00000, size: 1876 MB, Compressed Oops mode: 32-bit

CDS archive(s) mapped at: [0x0000000800000000-0x0000000800ba0000-0x0000000800ba0000), size 12189696, SharedBaseAddress: 0x0000000800000000, ArchiveRelocationMode: 0.
Compressed class space mapped at: 0x0000000800c00000-0x0000000840c00000, reserved size: 1073741824
Narrow klass base: 0x0000000800000000, Narrow klass shift: 0, Narrow klass range: 0x100000000

GC Precious Log:
 CardTable entry size: 512
 Card Set container configuration: InlinePtr #cards 5 size 8 Array Of Cards #cards 12 size 40 Howl #buckets 4 coarsen threshold 1843 Howl Bitmap #cards 512 size 80 coarsen threshold 460 Card regions per heap region 1 cards per card region 2048
 CPUs: 12 total, 12 available
 Memory: 7503M
 Large Page Support: Disabled
 NUMA Support: Disabled
 Compressed Oops: Enabled (32-bit)
 Heap Region Size: 1M
 Heap Min Capacity: 8M
 Heap Initial Capacity: 118M
 Heap Max Capacity: 1876M
 Pre-touch: Disabled
 Parallel Workers: 10
 Concurrent Workers: 3
 Concurrent Refinement Workers: 10
 Periodic GC: Disabled

Heap:
 garbage-first heap   total 120832K, used 1024K [0x000000008ac00000, 0x0000000100000000)
  region size 1024K, 2 young (2048K), 0 survivors (0K)
 Metaspace       used 198K, committed 384K, reserved 1114112K
  class space    used 6K, committed 128K, reserved 1048576K

Heap Regions: E=young(eden), S=young(survivor), O=old, HS=humongous(starts), HC=humongous(continues), CS=collection set, F=free, OA=open archive, CA=closed archive, TAMS=top-at-mark-start (previous, next)
|   0|0x000000008ac00000, 0x000000008ac00000, 0x000000008ad00000|  0%| F|  |TAMS 0x000000008ac00000, 0x000000008ac00000| Untracked 
|   1|0x000000008ad00000, 0x000000008ad00000, 0x000000008ae00000|  0%| F|  |TAMS 0x000000008ad00000, 0x000000008ad00000| Untracked 
|   2|0x000000008ae00000, 0x000000008ae00000, 0x000000008af00000|  0%| F|  |TAMS 0x000000008ae00000, 0x000000008ae00000| Untracked 
|   3|0x000000008af00000, 0x000000008af00000, 0x000000008b000000|  0%| F|  |TAMS 0x000000008af00000, 0x000000008af00000| Untracked 
|   4|0x000000008b000000, 0x000000008b000000, 0x000000008b100000|  0%| F|  |TAMS 0x000000008b000000, 0x000000008b000000| Untracked 
|   5|0x000000008b100000, 0x000000008b100000, 0x000000008b200000|  0%| F|  |TAMS 0x000000008b100000, 0x000000008b100000| Untracked 
|   6|0x000000008b200000, 0x000000008b200000, 0x000000008b300000|  0%| F|  |TAMS 0x000000008b200000, 0x000000008b200000| Untracked 
|   7|0x000000008b300000, 0x000000008b300000, 0x000000008b400000|  0%| F|  |TAMS 0x000000008b300000, 0x000000008b300000| Untracked 
|   8|0x000000008b400000, 0x000000008b400000, 0x000000008b500000|  0%| F|  |TAMS 0x000000008b400000, 0x000000008b400000| Untracked 
|   9|0x000000008b500000, 0x000000008b500000, 0x000000008b600000|  0%| F|  |TAMS 0x000000008b500000, 0x000000008b500000| Untracked 
|  10|0x000000008b600000, 0x000000008b600000, 0x000000008b700000|  0%| F|  |TAMS 0x000000008b600000, 0x000000008b600000| Untracked 
|  11|0x000000008b700000, 0x000000008b700000, 0x000000008b800000|  0%| F|  |TAMS 0x000000008b700000, 0x000000008b700000| Untracked 
|  12|0x000000008b800000, 0x000000008b800000, 0x000000008b900000|  0%| F|  |TAMS 0x000000008b800000, 0x000000008b800000| Untracked 
|  13|0x000000008b900000, 0x000000008b900000, 0x000000008ba00000|  0%| F|  |TAMS 0x000000008b900000, 0x000000008b900000| Untracked 
|  14|0x000000008ba00000, 0x000000008ba00000, 0x000000008bb00000|  0%| F|  |TAMS 0x000000008ba00000, 0x000000008ba00000| Untracked 
|  15|0x000000008bb00000, 0x000000008bb00000, 0x000000008bc00000|  0%| F|  |TAMS 0x000000008bb00000, 0x000000008bb00000| Untracked 
|  16|0x000000008bc00000, 0x000000008bc00000, 0x000000008bd00000|  0%| F|  |TAMS 0x000000008bc00000, 0x000000008bc00000| Untracked 
|  17|0x000000008bd00000, 0x000000008bd00000, 0x000000008be00000|  0%| F|  |TAMS 0x000000008bd00000, 0x000000008bd00000| Untracked 
|  18|0x000000008be00000, 0x000000008be00000, 0x000000008bf00000|  0%| F|  |TAMS 0x000000008be00000, 0x000000008be00000| Untracked 
|  19|0x000000008bf00000, 0x000000008bf00000, 0x000000008c000000|  0%| F|  |TAMS 0x000000008bf00000, 0x000000008bf00000| Untracked 
|  20|0x000000008c000000, 0x000000008c000000, 0x000000008c100000|  0%| F|  |TAMS 0x000000008c000000, 0x000000008c000000| Untracked 
|  21|0x000000008c100000, 0x000000008c100000, 0x000000008c200000|  0%| F|  |TAMS 0x000000008c100000, 0x000000008c100000| Untracked 
|  22|0x000000008c200000, 0x000000008c200000, 0x000000008c300000|  0%| F|  |TAMS 0x000000008c200000, 0x000000008c200000| Untracked 
|  23|0x000000008c300000, 0x000000008c300000, 0x000000008c400000|  0%| F|  |TAMS 0x000000008c300000, 0x000000008c300000| Untracked 
|  24|0x000000008c400000, 0x000000008c400000, 0x000000008c500000|  0%| F|  |TAMS 0x000000008c400000, 0x000000008c400000| Untracked 
|  25|0x000000008c500000, 0x000000008c500000, 0x000000008c600000|  0%| F|  |TAMS 0x000000008c500000, 0x000000008c500000| Untracked 
|  26|0x000000008c600000, 0x000000008c600000, 0x000000008c700000|  0%| F|  |TAMS 0x000000008c600000, 0x000000008c600000| Untracked 
|  27|0x000000008c700000, 0x000000008c700000, 0x000000008c800000|  0%| F|  |TAMS 0x000000008c700000, 0x000000008c700000| Untracked 
|  28|0x000000008c800000, 0x000000008c800000, 0x000000008c900000|  0%| F|  |TAMS 0x000000008c800000, 0x000000008c800000| Untracked 
|  29|0x000000008c900000, 0x000000008c900000, 0x000000008ca00000|  0%| F|  |TAMS 0x000000008c900000, 0x000000008c900000| Untracked 
|  30|0x000000008ca00000, 0x000000008ca00000, 0x000000008cb00000|  0%| F|  |TAMS 0x000000008ca00000, 0x000000008ca00000| Untracked 
|  31|0x000000008cb00000, 0x000000008cb00000, 0x000000008cc00000|  0%| F|  |TAMS 0x000000008cb00000, 0x000000008cb00000| Untracked 
|  32|0x000000008cc00000, 0x000000008cc00000, 0x000000008cd00000|  0%| F|  |TAMS 0x000000008cc00000, 0x000000008cc00000| Untracked 
|  33|0x000000008cd00000, 0x000000008cd00000, 0x000000008ce00000|  0%| F|  |TAMS 0x000000008cd00000, 0x000000008cd00000| Untracked 
|  34|0x000000008ce00000, 0x000000008ce00000, 0x000000008cf00000|  0%| F|  |TAMS 0x000000008ce00000, 0x000000008ce00000| Untracked 
|  35|0x000000008cf00000, 0x000000008cf00000, 0x000000008d000000|  0%| F|  |TAMS 0x000000008cf00000, 0x000000008cf00000| Untracked 
|  36|0x000000008d000000, 0x000000008d000000, 0x000000008d100000|  0%| F|  |TAMS 0x000000008d000000, 0x000000008d000000| Untracked 
|  37|0x000000008d100000, 0x000000008d100000, 0x000000008d200000|  0%| F|  |TAMS 0x000000008d100000, 0x000000008d100000| Untracked 
|  38|0x000000008d200000, 0x000000008d200000, 0x000000008d300000|  0%| F|  |TAMS 0x000000008d200000, 0x000000008d200000| Untracked 
|  39|0x000000008d300000, 0x000000008d300000, 0x000000008d400000|  0%| F|  |TAMS 0x000000008d300000, 0x000000008d300000| Untracked 
|  40|0x000000008d400000, 0x000000008d400000, 0x000000008d500000|  0%| F|  |TAMS 0x000000008d400000, 0x000000008d400000| Untracked 
|  41|0x000000008d500000, 0x000000008d500000, 0x000000008d600000|  0%| F|  |TAMS 0x000000008d500000, 0x000000008d500000| Untracked 
|  42|0x000000008d600000, 0x000000008d600000, 0x000000008d700000|  0%| F|  |TAMS 0x000000008d600000, 0x000000008d600000| Untracked 
|  43|0x000000008d700000, 0x000000008d700000, 0x000000008d800000|  0%| F|  |TAMS 0x000000008d700000, 0x000000008d700000| Untracked 
|  44|0x000000008d800000, 0x000000008d800000, 0x000000008d900000|  0%| F|  |TAMS 0x000000008d800000, 0x000000008d800000| Untracked 
|  45|0x000000008d900000, 0x000000008d900000, 0x000000008da00000|  0%| F|  |TAMS 0x000000008d900000, 0x000000008d900000| Untracked 
|  46|0x000000008da00000, 0x000000008da00000, 0x000000008db00000|  0%| F|  |TAMS 0x000000008da00000, 0x000000008da00000| Untracked 
|  47|0x000000008db00000, 0x000000008db00000, 0x000000008dc00000|  0%| F|  |TAMS 0x000000008db00000, 0x000000008db00000| Untracked 
|  48|0x000000008dc00000, 0x000000008dc00000, 0x000000008dd00000|  0%| F|  |TAMS 0x000000008dc00000, 0x000000008dc00000| Untracked 
|  49|0x000000008dd00000, 0x000000008dd00000, 0x000000008de00000|  0%| F|  |TAMS 0x000000008dd00000, 0x000000008dd00000| Untracked 
|  50|0x000000008de00000, 0x000000008de00000, 0x000000008df00000|  0%| F|  |TAMS 0x000000008de00000, 0x000000008de00000| Untracked 
|  51|0x000000008df00000, 0x000000008df00000, 0x000000008e000000|  0%| F|  |TAMS 0x000000008df00000, 0x000000008df00000| Untracked 
|  52|0x000000008e000000, 0x000000008e000000, 0x000000008e100000|  0%| F|  |TAMS 0x000000008e000000, 0x000000008e000000| Untracked 
|  53|0x000000008e100000, 0x000000008e100000, 0x000000008e200000|  0%| F|  |TAMS 0x000000008e100000, 0x000000008e100000| Untracked 
|  54|0x000000008e200000, 0x000000008e200000, 0x000000008e300000|  0%| F|  |TAMS 0x000000008e200000, 0x000000008e200000| Untracked 
|  55|0x000000008e300000, 0x000000008e300000, 0x000000008e400000|  0%| F|  |TAMS 0x000000008e300000, 0x000000008e300000| Untracked 
|  56|0x000000008e400000, 0x000000008e400000, 0x000000008e500000|  0%| F|  |TAMS 0x000000008e400000, 0x000000008e400000| Untracked 
|  57|0x000000008e500000, 0x000000008e500000, 0x000000008e600000|  0%| F|  |TAMS 0x000000008e500000, 0x000000008e500000| Untracked 
|  58|0x000000008e600000, 0x000000008e600000, 0x000000008e700000|  0%| F|  |TAMS 0x000000008e600000, 0x000000008e600000| Untracked 
|  59|0x000000008e700000, 0x000000008e700000, 0x000000008e800000|  0%| F|  |TAMS 0x000000008e700000, 0x000000008e700000| Untracked 
|  60|0x000000008e800000, 0x000000008e800000, 0x000000008e900000|  0%| F|  |TAMS 0x000000008e800000, 0x000000008e800000| Untracked 
|  61|0x000000008e900000, 0x000000008e900000, 0x000000008ea00000|  0%| F|  |TAMS 0x000000008e900000, 0x000000008e900000| Untracked 
|  62|0x000000008ea00000, 0x000000008ea00000, 0x000000008eb00000|  0%| F|  |TAMS 0x000000008ea00000, 0x000000008ea00000| Untracked 
|  63|0x000000008eb00000, 0x000000008eb00000, 0x000000008ec00000|  0%| F|  |TAMS 0x000000008eb00000, 0x000000008eb00000| Untracked 
|  64|0x000000008ec00000, 0x000000008ec00000, 0x000000008ed00000|  0%| F|  |TAMS 0x000000008ec00000, 0x000000008ec00000| Untracked 
|  65|0x000000008ed00000, 0x000000008ed00000, 0x000000008ee00000|  0%| F|  |TAMS 0x000000008ed00000, 0x000000008ed00000| Untracked 
|  66|0x000000008ee00000, 0x000000008ee00000, 0x000000008ef00000|  0%| F|  |TAMS 0x000000008ee00000, 0x000000008ee00000| Untracked 
|  67|0x000000008ef00000, 0x000000008ef00000, 0x000000008f000000|  0%| F|  |TAMS 0x000000008ef00000, 0x000000008ef00000| Untracked 
|  68|0x000000008f000000, 0x000000008f000000, 0x000000008f100000|  0%| F|  |TAMS 0x000000008f000000, 0x000000008f000000| Untracked 
|  69|0x000000008f100000, 0x000000008f100000, 0x000000008f200000|  0%| F|  |TAMS 0x000000008f100000, 0x000000008f100000| Untracked 
|  70|0x000000008f200000, 0x000000008f200000, 0x000000008f300000|  0%| F|  |TAMS 0x000000008f200000, 0x000000008f200000| Untracked 
|  71|0x000000008f300000, 0x000000008f300000, 0x000000008f400000|  0%| F|  |TAMS 0x000000008f300000, 0x000000008f300000| Untracked 
|  72|0x000000008f400000, 0x000000008f400000, 0x000000008f500000|  0%| F|  |TAMS 0x000000008f400000, 0x000000008f400000| Untracked 
|  73|0x000000008f500000, 0x000000008f500000, 0x000000008f600000|  0%| F|  |TAMS 0x000000008f500000, 0x000000008f500000| Untracked 
|  74|0x000000008f600000, 0x000000008f600000, 0x000000008f700000|  0%| F|  |TAMS 0x000000008f600000, 0x000000008f600000| Untracked 
|  75|0x000000008f700000, 0x000000008f700000, 0x000000008f800000|  0%| F|  |TAMS 0x000000008f700000, 0x000000008f700000| Untracked 
|  76|0x000000008f800000, 0x000000008f800000, 0x000000008f900000|  0%| F|  |TAMS 0x000000008f800000, 0x000000008f800000| Untracked 
|  77|0x000000008f900000, 0x000000008f900000, 0x000000008fa00000|  0%| F|  |TAMS 0x000000008f900000, 0x000000008f900000| Untracked 
|  78|0x000000008fa00000, 0x000000008fa00000, 0x000000008fb00000|  0%| F|  |TAMS 0x000000008fa00000, 0x000000008fa00000| Untracked 
|  79|0x000000008fb00000, 0x000000008fb00000, 0x000000008fc00000|  0%| F|  |TAMS 0x000000008fb00000, 0x000000008fb00000| Untracked 
|  80|0x000000008fc00000, 0x000000008fc00000, 0x000000008fd00000|  0%| F|  |TAMS 0x000000008fc00000, 0x000000008fc00000| Untracked 
|  81|0x000000008fd00000, 0x000000008fd00000, 0x000000008fe00000|  0%| F|  |TAMS 0x000000008fd00000, 0x000000008fd00000| Untracked 
|  82|0x000000008fe00000, 0x000000008fe00000, 0x000000008ff00000|  0%| F|  |TAMS 0x000000008fe00000, 0x000000008fe00000| Untracked 
|  83|0x000000008ff00000, 0x000000008ff00000, 0x0000000090000000|  0%| F|  |TAMS 0x000000008ff00000, 0x000000008ff00000| Untracked 
|  84|0x0000000090000000, 0x0000000090000000, 0x0000000090100000|  0%| F|  |TAMS 0x0000000090000000, 0x0000000090000000| Untracked 
|  85|0x0000000090100000, 0x0000000090100000, 0x0000000090200000|  0%| F|  |TAMS 0x0000000090100000, 0x0000000090100000| Untracked 
|  86|0x0000000090200000, 0x0000000090200000, 0x0000000090300000|  0%| F|  |TAMS 0x0000000090200000, 0x0000000090200000| Untracked 
|  87|0x0000000090300000, 0x0000000090300000, 0x0000000090400000|  0%| F|  |TAMS 0x0000000090300000, 0x0000000090300000| Untracked 
|  88|0x0000000090400000, 0x0000000090400000, 0x0000000090500000|  0%| F|  |TAMS 0x0000000090400000, 0x0000000090400000| Untracked 
|  89|0x0000000090500000, 0x0000000090500000, 0x0000000090600000|  0%| F|  |TAMS 0x0000000090500000, 0x0000000090500000| Untracked 
|  90|0x0000000090600000, 0x0000000090600000, 0x0000000090700000|  0%| F|  |TAMS 0x0000000090600000, 0x0000000090600000| Untracked 
|  91|0x0000000090700000, 0x0000000090700000, 0x0000000090800000|  0%| F|  |TAMS 0x0000000090700000, 0x0000000090700000| Untracked 
|  92|0x0000000090800000, 0x0000000090800000, 0x0000000090900000|  0%| F|  |TAMS 0x0000000090800000, 0x0000000090800000| Untracked 
|  93|0x0000000090900000, 0x0000000090900000, 0x0000000090a00000|  0%| F|  |TAMS 0x0000000090900000, 0x0000000090900000| Untracked 
|  94|0x0000000090a00000, 0x0000000090a00000, 0x0000000090b00000|  0%| F|  |TAMS 0x0000000090a00000, 0x0000000090a00000| Untracked 
|  95|0x0000000090b00000, 0x0000000090b00000, 0x0000000090c00000|  0%| F|  |TAMS 0x0000000090b00000, 0x0000000090b00000| Untracked 
|  96|0x0000000090c00000, 0x0000000090c00000, 0x0000000090d00000|  0%| F|  |TAMS 0x0000000090c00000, 0x0000000090c00000| Untracked 
|  97|0x0000000090d00000, 0x0000000090d00000, 0x0000000090e00000|  0%| F|  |TAMS 0x0000000090d00000, 0x0000000090d00000| Untracked 
|  98|0x0000000090e00000, 0x0000000090e00000, 0x0000000090f00000|  0%| F|  |TAMS 0x0000000090e00000, 0x0000000090e00000| Untracked 
|  99|0x0000000090f00000, 0x0000000090f00000, 0x0000000091000000|  0%| F|  |TAMS 0x0000000090f00000, 0x0000000090f00000| Untracked 
| 100|0x0000000091000000, 0x0000000091000000, 0x0000000091100000|  0%| F|  |TAMS 0x0000000091000000, 0x0000000091000000| Untracked 
| 101|0x0000000091100000, 0x0000000091100000, 0x0000000091200000|  0%| F|  |TAMS 0x0000000091100000, 0x0000000091100000| Untracked 
| 102|0x0000000091200000, 0x0000000091200000, 0x0000000091300000|  0%| F|  |TAMS 0x0000000091200000, 0x0000000091200000| Untracked 
| 103|0x0000000091300000, 0x0000000091300000, 0x0000000091400000|  0%| F|  |TAMS 0x0000000091300000, 0x0000000091300000| Untracked 
| 104|0x0000000091400000, 0x0000000091400000, 0x0000000091500000|  0%| F|  |TAMS 0x0000000091400000, 0x0000000091400000| Untracked 
| 105|0x0000000091500000, 0x0000000091500000, 0x0000000091600000|  0%| F|  |TAMS 0x0000000091500000, 0x0000000091500000| Untracked 
| 106|0x0000000091600000, 0x0000000091600000, 0x0000000091700000|  0%| F|  |TAMS 0x0000000091600000, 0x0000000091600000| Untracked 
| 107|0x0000000091700000, 0x0000000091700000, 0x0000000091800000|  0%| F|  |TAMS 0x0000000091700000, 0x0000000091700000| Untracked 
| 108|0x0000000091800000, 0x0000000091800000, 0x0000000091900000|  0%| F|  |TAMS 0x0000000091800000, 0x0000000091800000| Untracked 
| 109|0x0000000091900000, 0x0000000091900000, 0x0000000091a00000|  0%| F|  |TAMS 0x0000000091900000, 0x0000000091900000| Untracked 
| 110|0x0000000091a00000, 0x0000000091a00000, 0x0000000091b00000|  0%| F|  |TAMS 0x0000000091a00000, 0x0000000091a00000| Untracked 
| 111|0x0000000091b00000, 0x0000000091b00000, 0x0000000091c00000|  0%| F|  |TAMS 0x0000000091b00000, 0x0000000091b00000| Untracked 
| 112|0x0000000091c00000, 0x0000000091c00000, 0x0000000091d00000|  0%| F|  |TAMS 0x0000000091c00000, 0x0000000091c00000| Untracked 
| 113|0x0000000091d00000, 0x0000000091d00000, 0x0000000091e00000|  0%| F|  |TAMS 0x0000000091d00000, 0x0000000091d00000| Untracked 
| 114|0x0000000091e00000, 0x0000000091e00000, 0x0000000091f00000|  0%| F|  |TAMS 0x0000000091e00000, 0x0000000091e00000| Untracked 
| 115|0x0000000091f00000, 0x0000000091f00000, 0x0000000092000000|  0%| F|  |TAMS 0x0000000091f00000, 0x0000000091f00000| Untracked 
| 116|0x0000000092000000, 0x00000000920764c8, 0x0000000092100000| 46%| E|  |TAMS 0x0000000092000000, 0x0000000092000000| Complete 
| 117|0x0000000092100000, 0x0000000092200000, 0x0000000092200000|100%| E|CS|TAMS 0x0000000092100000, 0x0000000092100000| Complete 

Card table byte_map: [0x0000021be1cd0000,0x0000021be2080000] _byte_map_base: 0x0000021be187a000

Marking Bits (Prev, Next): (CMBitMap*) 0x0000021bcaaf8dc0, (CMBitMap*) 0x0000021bcaaf8e00
 Prev Bits: [0x0000021be2430000, 0x0000021be4180000)
 Next Bits: [0x0000021be4180000, 0x0000021be5ed0000)

Polling page: 0x0000021bc8a80000

Metaspace:

Usage:
  Non-class:    192.59 KB used.
      Class:      6.12 KB used.
       Both:    198.72 KB used.

Virtual space:
  Non-class space:       64.00 MB reserved,     256.00 KB ( <1%) committed,  1 nodes.
      Class space:        1.00 GB reserved,     128.00 KB ( <1%) committed,  1 nodes.
             Both:        1.06 GB reserved,     384.00 KB ( <1%) committed. 

Chunk freelists:
   Non-Class:  4.00 MB
       Class:  3.75 MB
        Both:  7.74 MB

MaxMetaspaceSize: unlimited
CompressedClassSpaceSize: 1.00 GB
Initial GC threshold: 21.00 MB
Current GC threshold: 21.00 MB
CDS: on
MetaspaceReclaimPolicy: balanced
 - commit_granule_bytes: 65536.
 - commit_granule_words: 8192.
 - virtual_space_node_default_size: 8388608.
 - enlarge_chunks_in_place: 1.
 - new_chunks_are_fully_committed: 0.
 - uncommit_free_chunks: 1.
 - use_allocation_guard: 0.


Internal statistics:

num_allocs_failed_limit: 0.
num_arena_births: 6.
num_arena_deaths: 0.
num_vsnodes_births: 2.
num_vsnodes_deaths: 0.
num_space_committed: 6.
num_space_uncommitted: 0.
num_chunks_returned_to_freelist: 0.
num_chunks_taken_from_freelist: 7.
num_chunk_merges: 0.
num_chunk_splits: 4.
num_chunks_enlarged: 2.
num_inconsistent_stats: 0.

CodeHeap 'non-profiled nmethods': size=120000Kb used=31Kb max_used=31Kb free=119968Kb
 bounds [0x0000021bd9ea0000, 0x0000021bda110000, 0x0000021be13d0000]
CodeHeap 'profiled nmethods': size=120000Kb used=89Kb max_used=89Kb free=119910Kb
 bounds [0x0000021bd2970000, 0x0000021bd2be0000, 0x0000021bd9ea0000]
CodeHeap 'non-nmethods': size=5760Kb used=1086Kb max_used=1086Kb free=4673Kb
 bounds [0x0000021bd23d0000, 0x0000021bd2640000, 0x0000021bd2970000]
 total_blobs=439 nmethods=95 adapters=257
 compilation: enabled
              stopped_count=0, restarted_count=0
 full_count=0

Compilation events (20 events):
Event: 0.091 Thread 0x0000021be8ade840 nmethod 84 0x0000021bd2984610 code [0x0000021bd29847a0, 0x0000021bd29848d8]
Event: 0.091 Thread 0x0000021be8ade840   88       3       java.lang.Math::min (11 bytes)
Event: 0.091 Thread 0x0000021be8ade840 nmethod 88 0x0000021bd2984990 code [0x0000021bd2984b20, 0x0000021bd2984c58]
Event: 0.092 Thread 0x0000021be8ade840   85       1       java.lang.invoke.MethodType$ConcurrentWeakInternSet$WeakEntry::hashCode (5 bytes)
Event: 0.092 Thread 0x0000021be8ade840 nmethod 85 0x0000021bd9ea7690 code [0x0000021bd9ea7820, 0x0000021bd9ea78f8]
Event: 0.092 Thread 0x0000021be8ade840   89       3       java.util.Arrays::equals (57 bytes)
Event: 0.092 Thread 0x0000021be8ade840 nmethod 89 0x0000021bd2984d10 code [0x0000021bd2984f00, 0x0000021bd29854c8]
Event: 0.092 Thread 0x0000021be8ade840   90       3       java.lang.invoke.MethodType::equals (31 bytes)
Event: 0.092 Thread 0x0000021be8ade840 nmethod 90 0x0000021bd2985690 code [0x0000021bd2985840, 0x0000021bd2985a28]
Event: 0.093 Thread 0x0000021be8ade840   91       1       java.util.stream.FindOps$FindSink::cancellationRequested (5 bytes)
Event: 0.093 Thread 0x0000021be8ade840 nmethod 91 0x0000021bd9ea7990 code [0x0000021bd9ea7b20, 0x0000021bd9ea7bf8]
Event: 0.093 Thread 0x0000021be8ade840   92       3       java.util.ImmutableCollections$SetN$SetNIterator::<init> (36 bytes)
Event: 0.093 Thread 0x0000021be8ade840 nmethod 92 0x0000021bd2985b10 code [0x0000021bd2985cc0, 0x0000021bd2985eb8]
Event: 0.093 Thread 0x0000021be8ade840   94       3       java.util.stream.PipelineHelper::<init> (5 bytes)
Event: 0.093 Thread 0x0000021be8ade840 nmethod 94 0x0000021bd2985f90 code [0x0000021bd2986120, 0x0000021bd2986278]
Event: 0.093 Thread 0x0000021be8ade840   93       1       java.util.stream.ReferencePipeline$StatelessOp::opIsStateful (2 bytes)
Event: 0.093 Thread 0x0000021be8ade840 nmethod 93 0x0000021bd9ea7c90 code [0x0000021bd9ea7e20, 0x0000021bd9ea7ef8]
Event: 0.093 Thread 0x0000021be8ade840   95       3       java.util.stream.StreamOpFlag::combineOpFlags (9 bytes)
Event: 0.094 Thread 0x0000021be8ade840 nmethod 95 0x0000021bd2986310 code [0x0000021bd29864a0, 0x0000021bd2986658]
Event: 0.094 Thread 0x0000021be8ade840   97       3       java.util.HashMap::putVal (300 bytes)

GC Heap History (0 events):
No events

Deoptimization events (0 events):
No events

Classes loaded (0 events):
No events

Classes unloaded (0 events):
No events

Classes redefined (0 events):
No events

Internal exceptions (0 events):
No events

VM Operations (0 events):
No events

Events (13 events):
Event: 0.019 Loaded shared library C:\jdk-18.0.2\bin\java.dll
Event: 0.035 Loaded shared library C:\jdk-18.0.2\bin\jsvml.dll
Event: 0.035 Thread 0x0000021bcaa9a8f0 Thread added: 0x0000021bcaa9a8f0
Event: 0.038 Thread 0x0000021be8abcf80 Thread added: 0x0000021be8abcf80
Event: 0.038 Thread 0x0000021be8abd440 Thread added: 0x0000021be8abd440
Event: 0.052 Thread 0x0000021be8ad8d00 Thread added: 0x0000021be8ad8d00
Event: 0.052 Thread 0x0000021be8ad91c0 Thread added: 0x0000021be8ad91c0
Event: 0.052 Thread 0x0000021be8ad9680 Thread added: 0x0000021be8ad9680
Event: 0.052 Thread 0x0000021be8addb50 Thread added: 0x0000021be8addb50
Event: 0.052 Thread 0x0000021be8ade340 Thread added: 0x0000021be8ade340
Event: 0.052 Thread 0x0000021be8ade840 Thread added: 0x0000021be8ade840
Event: 0.052 Thread 0x0000021be8ae0d50 Thread added: 0x0000021be8ae0d50
Event: 0.084 Thread 0x0000021be8aa8f50 Thread added: 0x0000021be8aa8f50


Dynamic libraries:
0x00007ff6c7b00000 - 0x00007ff6c7b10000 	C:\jdk-18.0.2\bin\java.exe
0x00007ffadaf70000 - 0x00007ffadb184000 	C:\WINDOWS\SYSTEM32\ntdll.dll
0x00007ffad9920000 - 0x00007ffad99e2000 	C:\WINDOWS\System32\KERNEL32.DLL
0x00007ffad84d0000 - 0x00007ffad886c000 	C:\WINDOWS\System32\KERNELBASE.dll
0x00007ffad83b0000 - 0x00007ffad84c1000 	C:\WINDOWS\System32\ucrtbase.dll
0x00007ffac3c90000 - 0x00007ffac3caa000 	C:\jdk-18.0.2\bin\VCRUNTIME140.dll
0x00007ffac3570000 - 0x00007ffac3588000 	C:\jdk-18.0.2\bin\jli.dll
0x00007ffad9d90000 - 0x00007ffad9e3e000 	C:\WINDOWS\System32\ADVAPI32.dll
0x00007ffad9ae0000 - 0x00007ffad9b87000 	C:\WINDOWS\System32\msvcrt.dll
0x00007ffad8e60000 - 0x00007ffad8f04000 	C:\WINDOWS\System32\sechost.dll
0x00007ffad9780000 - 0x00007ffad9897000 	C:\WINDOWS\System32\RPCRT4.dll
0x00007ffad9ba0000 - 0x00007ffad9d4b000 	C:\WINDOWS\System32\USER32.dll
0x00007ffab4700000 - 0x00007ffab498e000 	C:\WINDOWS\WinSxS\amd64_microsoft.windows.common-controls_6595b64144ccf1df_6.0.22621.608_none_a9444ca7c10bb01d\COMCTL32.dll
0x00007ffad8b80000 - 0x00007ffad8ba6000 	C:\WINDOWS\System32\win32u.dll
0x00007ffad98f0000 - 0x00007ffad9919000 	C:\WINDOWS\System32\GDI32.dll
0x00007ffad8870000 - 0x00007ffad8983000 	C:\WINDOWS\System32\gdi32full.dll
0x00007ffad8c70000 - 0x00007ffad8d0a000 	C:\WINDOWS\System32\msvcp_win.dll
0x00007ffad0b10000 - 0x00007ffad0b1a000 	C:\WINDOWS\SYSTEM32\VERSION.dll
0x00007ffad9d50000 - 0x00007ffad9d81000 	C:\WINDOWS\System32\IMM32.DLL
0x00007ffad3db0000 - 0x00007ffad3dbc000 	C:\jdk-18.0.2\bin\vcruntime140_1.dll
0x00007ffac2b80000 - 0x00007ffac2c0d000 	C:\jdk-18.0.2\bin\msvcp140.dll
0x00007ffab4c60000 - 0x00007ffab5871000 	C:\jdk-18.0.2\bin\server\jvm.dll
0x00007ffad99f0000 - 0x00007ffad99f8000 	C:\WINDOWS\System32\PSAPI.DLL
0x00007ffab8410000 - 0x00007ffab8419000 	C:\WINDOWS\SYSTEM32\WSOCK32.dll
0x00007ffad0730000 - 0x00007ffad0764000 	C:\WINDOWS\SYSTEM32\WINMM.dll
0x00007ffad9f50000 - 0x00007ffad9fc1000 	C:\WINDOWS\System32\WS2_32.dll
0x00007ffad7400000 - 0x00007ffad7418000 	C:\WINDOWS\SYSTEM32\kernel.appcore.dll
0x00007ffab3fd0000 - 0x00007ffab3fda000 	C:\jdk-18.0.2\bin\jimage.dll
0x00007ffac6250000 - 0x00007ffac647e000 	C:\WINDOWS\SYSTEM32\DBGHELP.DLL
0x00007ffad9fd0000 - 0x00007ffada359000 	C:\WINDOWS\System32\combase.dll
0x00007ffad9a00000 - 0x00007ffad9ad7000 	C:\WINDOWS\System32\OLEAUT32.dll
0x00007ffab78a0000 - 0x00007ffab78d2000 	C:\WINDOWS\SYSTEM32\dbgcore.DLL
0x00007ffad8b00000 - 0x00007ffad8b7b000 	C:\WINDOWS\System32\bcryptPrimitives.dll
0x00007ffab3db0000 - 0x00007ffab3dd5000 	C:\jdk-18.0.2\bin\java.dll
0x00007ffab1ba0000 - 0x00007ffab1c76000 	C:\jdk-18.0.2\bin\jsvml.dll
0x00007ffada600000 - 0x00007ffadadf0000 	C:\WINDOWS\System32\SHELL32.dll
0x00007ffad63c0000 - 0x00007ffad6c8d000 	C:\WINDOWS\SYSTEM32\windows.storage.dll
0x00007ffad6280000 - 0x00007ffad63be000 	C:\WINDOWS\SYSTEM32\wintypes.dll
0x00007ffad9e50000 - 0x00007ffad9f41000 	C:\WINDOWS\System32\SHCORE.dll
0x00007ffada5a0000 - 0x00007ffada5fe000 	C:\WINDOWS\System32\shlwapi.dll
0x00007ffad82e0000 - 0x00007ffad8301000 	C:\WINDOWS\SYSTEM32\profapi.dll

dbghelp: loaded successfully - version: 4.0.5 - missing functions: none
symbol engine: initialized successfully - sym options: 0x614 - pdb path: .;C:\jdk-18.0.2\bin;C:\WINDOWS\SYSTEM32;C:\WINDOWS\WinSxS\amd64_microsoft.windows.common-controls_6595b64144ccf1df_6.0.22621.608_none_a9444ca7c10bb01d;C:\jdk-18.0.2\bin\server

VM Arguments:
jvm_args: -Dfile.encoding=UTF-8 --module-path=C:\ATM_INTERFACE\ATM_INTERFACE\build\classes 
java_command: atm_interface.Login
java_class_path (initial): C:\Users\Manisha Surywanshi\Desktop\jcalendar-1.1.4.jar;C:\Users\Manisha Surywanshi\Desktop\mysql-connector-java-8.0.28.jar;C:\ATM_INTERFACE\ATM_INTERFACE\build\classes
Launcher Type: SUN_STANDARD

[Global flags]
     intx CICompilerCount                          = 4                                         {product} {ergonomic}
     uint ConcGCThreads                            = 3                                         {product} {ergonomic}
     uint G1ConcRefinementThreads                  = 10                                        {product} {ergonomic}
   size_t G1HeapRegionSize                         = 1048576                                   {product} {ergonomic}
    uintx GCDrainStackTargetSize                   = 64                                        {product} {ergonomic}
   size_t InitialHeapSize                          = 123731968                                 {product} {ergonomic}
   size_t MarkStackSize                            = 4194304                                   {product} {ergonomic}
   size_t MaxHeapSize                              = 1967128576                                {product} {ergonomic}
   size_t MaxNewSize                               = 1179648000                                {product} {ergonomic}
   size_t MinHeapDeltaBytes                        = 1048576                                   {product} {ergonomic}
   size_t MinHeapSize                              = 8388608                                   {product} {ergonomic}
    uintx NonNMethodCodeHeapSize                   = 5839372                                {pd product} {ergonomic}
    uintx NonProfiledCodeHeapSize                  = 122909434                              {pd product} {ergonomic}
    uintx ProfiledCodeHeapSize                     = 122909434                              {pd product} {ergonomic}
    uintx ReservedCodeCacheSize                    = 251658240                              {pd product} {ergonomic}
     bool SegmentedCodeCache                       = true                                      {product} {ergonomic}
   size_t SoftMaxHeapSize                          = 1967128576                             {manageable} {ergonomic}
     bool UseCompressedClassPointers               = true                           {product lp64_product} {ergonomic}
     bool UseCompressedOops                        = true                           {product lp64_product} {ergonomic}
     bool UseG1GC                                  = true                                      {product} {ergonomic}
     bool UseLargePagesIndividualAllocation        = false                                  {pd product} {ergonomic}

Logging:
Log output configuration:
 #0: stdout all=warning uptime,level,tags foldmultilines=false
 #1: stderr all=off uptime,level,tags foldmultilines=false

Environment Variables:
CLASSPATH=C:\WINDOWS.X64_193000_db_home\jdbc\lib\ojdbc8.jar;D:\02ADVJ\JDBC\CPathDemo\wishapi.jar;C:\tomcat10.x1\lib\servlet-api.jar;.C:\jdk-18.0.2\bin;.;C:\WishApi;
PATH=C:\WINDOWS.X64_193000_db_home\bin;C:\jdk-18.0.2\bin;C:\WINDOWS\system32;C:\WINDOWS;C:\WINDOWS\System32\Wbem;C:\WINDOWS\System32\WindowsPowerShell\v1.0\;C:\WINDOWS\System32\OpenSSH\;C:\Program Files\dotnet\;C:\batch;C:\nodejs\;C:\Program Files\MySQL\MySQL Shell 8.0\bin\;D:\02ADVJ\JDBC\PATHDemo;C:\Users\Manisha Surywanshi\AppData\Local\Microsoft\WindowsApps;;C:\Users\Manisha Surywanshi\AppData\Local\Programs\Microsoft VS Code\bin;C:\Users\Manisha Surywanshi\AppData\Roaming\npm
USERNAME=Manisha Surywanshi
OS=Windows_NT
PROCESSOR_IDENTIFIER=AMD64 Family 23 Model 104 Stepping 1, AuthenticAMD



---------------  S Y S T E M  ---------------

OS:
 Windows 11 , 64 bit Build 22621 (10.0.22621.1485)
OS uptime: 2 days 1:03 hours

CPU: total 12 (initial active 12) (12 cores per cpu, 2 threads per core) family 23 model 104 stepping 1 microcode 0x0, cx8, cmov, fxsr, ht, mmx, 3dnowpref, sse, sse2, sse3, ssse3, sse4a, sse4.1, sse4.2, popcnt, lzcnt, tsc, tscinvbit, avx, avx2, aes, clmul, bmi1, bmi2, adx, sha, fma, vzeroupper, clflush, clflushopt

Memory: 4k page, system-wide physical 7503M (579M free)
TotalPageFile size 30031M (AvailPageFile size 3M)
current process WorkingSet (physical memory assigned to process): 28M, peak: 28M
current process commit charge ("private bytes"): 202M, peak: 202M

vm_info: Java HotSpot(TM) 64-Bit Server VM (18.0.2+9-61) for windows-amd64 JRE (18.0.2+9-61), built on Jun  7 2022 13:09:01 by "mach5one" with MS VC++ 16.8 / 16.9 (VS2019)

END.
